<?xml version="1.0" encoding="UTF-8"?>
<testng-results skipped="0" failed="0" ignored="0" total="1" passed="1">
  <reporter-output>
  </reporter-output>
  <suite name="Suite" duration-ms="4215" started-at="2020-10-17T17:00:10 IST" finished-at="2020-10-17T17:00:14 IST">
    <groups>
    </groups>
    <test name="Test" duration-ms="4215" started-at="2020-10-17T17:00:10 IST" finished-at="2020-10-17T17:00:14 IST">
      <class name="rest.apirest.test.SimpleGetTest">
        <test-method status="PASS" signature="GetWeatherDetails()[pri:0, instance:rest.apirest.test.SimpleGetTest@1198b989]" name="GetWeatherDetails" duration-ms="4155" started-at="2020-10-17T17:00:10 IST" finished-at="2020-10-17T17:00:14 IST">
          <reporter-output>
          </reporter-output>
        </test-method> <!-- GetWeatherDetails -->
      </class> <!-- rest.apirest.test.SimpleGetTest -->
    </test> <!-- Test -->
  </suite> <!-- Suite -->
</testng-results>
